This file contains any messages produced by compilers while
running configure, to aid debugging if configure makes a mistake.

It was created by audit configure 2.1.3, which was
generated by GNU Autoconf 2.68.  Invocation command line was

  $ ./configure --sbindir=/sbin --with-libwrap --enable-gssapi-krb5 CFLAGS=-pg --no-create --no-recursion

## --------- ##
## Platform. ##
## --------- ##

hostname = boromir
uname -m = x86_64
uname -r = 2.6.37-ARCH
uname -s = Linux
uname -v = #1 SMP PREEMPT Sat Jan 29 20:00:33 CET 2011

/usr/bin/uname -p = unknown
/bin/uname -X     = unknown

/bin/arch              = x86_64
/usr/bin/arch -k       = unknown
/usr/convex/getsysinfo = unknown
/usr/bin/hostinfo      = unknown
/bin/machine           = unknown
/usr/bin/oslevel       = unknown
/bin/universe          = unknown

PATH: /usr/local/bin
PATH: /usr/bin
PATH: /bin
PATH: /usr/local/sbin
PATH: /usr/sbin
PATH: /sbin
PATH: /opt/java/bin
PATH: /opt/java/db/bin
PATH: /opt/java/jre/bin
PATH: /usr/bin/core_perl
PATH: /usr/public/bin
PATH: /usr/local/bin
PATH: /opt/qt/bin
PATH: /usr/local/mipsel-dev/bin
PATH: /usr/bin


## ----------- ##
## Core tests. ##
## ----------- ##

configure:2434: checking build system type
configure:2448: result: x86_64-unknown-linux-gnu
configure:2468: checking host system type
configure:2481: result: x86_64-unknown-linux-gnu
configure:2501: checking target system type
configure:2514: result: x86_64-unknown-linux-gnu
configure:2556: checking for a BSD-compatible install
configure:2624: result: /bin/install -c
configure:2635: checking whether build environment is sane
configure:2685: result: yes
configure:2826: checking for a thread-safe mkdir -p
configure:2865: result: /bin/mkdir -p
configure:2878: checking for gawk
configure:2894: found /usr/bin/gawk
configure:2905: result: gawk
configure:2916: checking whether make sets $(MAKE)
configure:2938: result: yes
configure:3064: checking how to print strings
configure:3091: result: printf
configure:3124: checking for style of include used by make
configure:3152: result: GNU
configure:3222: checking for gcc
configure:3238: found /usr/bin/gcc
configure:3249: result: gcc
configure:3478: checking for C compiler version
configure:3487: gcc --version >&5
gcc (GCC) 4.5.2 20110127 (prerelease)
Copyright (C) 2010 Free Software Foundation, Inc.
This is free software; see the source for copying conditions.  There is NO
warranty; not even for MERCHANTABILITY or FITNESS FOR A PARTICULAR PURPOSE.

configure:3498: $? = 0
configure:3487: gcc -v >&5
Using built-in specs.
COLLECT_GCC=gcc
COLLECT_LTO_WRAPPER=/usr/lib/gcc/x86_64-unknown-linux-gnu/4.5.2/lto-wrapper
Target: x86_64-unknown-linux-gnu
Configured with: /build/src/gcc-4.5-20110127/configure --prefix=/usr --enable-languages=c,c++,fortran,objc,obj-c++,ada --enable-shared --enable-threads=posix --enable-__cxa_atexit --enable-clocale=gnu --enable-gnu-unique-object --enable-lto --enable-plugin --enable-gold --with-plugin-ld=ld.gold --disable-multilib --disable-libstdcxx-pch --with-system-zlib --with-ppl --with-cloog --with-cloog-include=/usr/include/cloog-ppl --libdir=/usr/lib --libexecdir=/usr/lib --mandir=/usr/share/man --infodir=/usr/share/info
Thread model: posix
gcc version 4.5.2 20110127 (prerelease) (GCC) 
configure:3498: $? = 0
configure:3487: gcc -V >&5
gcc: '-V' option must have argument
configure:3498: $? = 1
configure:3487: gcc -qversion >&5
gcc: unrecognized option '-qversion'
gcc: no input files
configure:3498: $? = 1
configure:3518: checking whether the C compiler works
configure:3540: gcc -pg   conftest.c  >&5
configure:3544: $? = 0
configure:3592: result: yes
configure:3595: checking for C compiler default output file name
configure:3597: result: a.out
configure:3603: checking for suffix of executables
configure:3610: gcc -o conftest -pg   conftest.c  >&5
configure:3614: $? = 0
configure:3636: result: 
configure:3658: checking whether we are cross compiling
configure:3666: gcc -o conftest -pg   conftest.c  >&5
configure:3670: $? = 0
configure:3677: ./conftest
configure:3681: $? = 0
configure:3696: result: no
configure:3701: checking for suffix of object files
configure:3723: gcc -c -pg  conftest.c >&5
configure:3727: $? = 0
configure:3748: result: o
configure:3752: checking whether we are using the GNU C compiler
configure:3771: gcc -c -pg  conftest.c >&5
configure:3771: $? = 0
configure:3780: result: yes
configure:3789: checking whether gcc accepts -g
configure:3809: gcc -c -g  conftest.c >&5
configure:3809: $? = 0
configure:3850: result: yes
configure:3867: checking for gcc option to accept ISO C89
configure:3931: gcc  -c -pg  conftest.c >&5
configure:3931: $? = 0
configure:3944: result: none needed
configure:3966: checking dependency style of gcc
configure:4076: result: gcc3
configure:4091: checking for a sed that does not truncate output
configure:4155: result: /bin/sed
configure:4173: checking for grep that handles long lines and -e
configure:4231: result: /bin/grep
configure:4236: checking for egrep
configure:4298: result: /bin/grep -E
configure:4303: checking for fgrep
configure:4365: result: /bin/grep -F
configure:4400: checking for ld used by gcc
configure:4467: result: /usr/bin/ld
configure:4474: checking if the linker (/usr/bin/ld) is GNU ld
configure:4489: result: yes
configure:4501: checking for BSD- or MS-compatible name lister (nm)
configure:4550: result: /usr/bin/nm -B
configure:4680: checking the name lister (/usr/bin/nm -B) interface
configure:4687: gcc -c -pg  conftest.c >&5
configure:4690: /usr/bin/nm -B "conftest.o"
configure:4693: output
0000000000000000 B some_variable
configure:4700: result: BSD nm
configure:4703: checking whether ln -s works
configure:4707: result: yes
configure:4715: checking the maximum length of command line arguments
configure:4840: result: 3458764513820540925
configure:4857: checking whether the shell understands some XSI constructs
configure:4867: result: yes
configure:4871: checking whether the shell understands "+="
configure:4877: result: yes
configure:4912: checking how to convert x86_64-unknown-linux-gnu file names to x86_64-unknown-linux-gnu format
configure:4952: result: func_convert_file_noop
configure:4959: checking how to convert x86_64-unknown-linux-gnu file names to toolchain format
configure:4979: result: func_convert_file_noop
configure:4986: checking for /usr/bin/ld option to reload object files
configure:4993: result: -r
configure:5067: checking for objdump
configure:5083: found /usr/bin/objdump
configure:5094: result: objdump
configure:5126: checking how to recognize dependent libraries
configure:5328: result: pass_all
configure:5413: checking for dlltool
configure:5443: result: no
configure:5473: checking how to associate runtime and link libraries
configure:5500: result: printf %s\n
configure:5561: checking for ar
configure:5577: found /usr/bin/ar
configure:5588: result: ar
configure:5625: checking for archiver @FILE support
configure:5642: gcc -c -pg  conftest.c >&5
configure:5642: $? = 0
configure:5645: ar cru libconftest.a @conftest.lst >&5
configure:5648: $? = 0
configure:5653: ar cru libconftest.a @conftest.lst >&5
ar: conftest.o: No such file or directory
configure:5656: $? = 1
configure:5668: result: @
configure:5726: checking for strip
configure:5742: found /usr/bin/strip
configure:5753: result: strip
configure:5825: checking for ranlib
configure:5841: found /usr/bin/ranlib
configure:5852: result: ranlib
configure:5954: checking command to parse /usr/bin/nm -B output from gcc object
configure:6073: gcc -c -pg  conftest.c >&5
configure:6076: $? = 0
configure:6080: /usr/bin/nm -B conftest.o \| sed -n -e 's/^.*[ ]\([ABCDGIRSTW][ABCDGIRSTW]*\)[ ][ ]*\([_A-Za-z][_A-Za-z0-9]*\)$/\1 \2 \2/p' | sed '/ __gnu_lto/d' \> conftest.nm
configure:6083: $? = 0
configure:6149: gcc -o conftest -pg   conftest.c conftstm.o >&5
configure:6152: $? = 0
configure:6190: result: ok
configure:6227: checking for sysroot
configure:6257: result: no
configure:6334: gcc -c -pg  conftest.c >&5
configure:6337: $? = 0
configure:6500: checking for mt
configure:6530: result: no
configure:6550: checking if : is a manifest tool
configure:6556: : '-?'
configure:6564: result: no
configure:7196: checking how to run the C preprocessor
configure:7227: gcc -E  conftest.c
configure:7227: $? = 0
configure:7241: gcc -E  conftest.c
conftest.c:11:28: fatal error: ac_nonexistent.h: No such file or directory
compilation terminated.
configure:7241: $? = 1
configure: failed program was:
| /* confdefs.h */
| #define PACKAGE_NAME "audit"
| #define PACKAGE_TARNAME "audit"
| #define PACKAGE_VERSION "2.1.3"
| #define PACKAGE_STRING "audit 2.1.3"
| #define PACKAGE_BUGREPORT ""
| #define PACKAGE_URL ""
| #define PACKAGE "audit"
| #define VERSION "2.1.3"
| /* end confdefs.h.  */
| #include <ac_nonexistent.h>
configure:7266: result: gcc -E
configure:7286: gcc -E  conftest.c
configure:7286: $? = 0
configure:7300: gcc -E  conftest.c
conftest.c:11:28: fatal error: ac_nonexistent.h: No such file or directory
compilation terminated.
configure:7300: $? = 1
configure: failed program was:
| /* confdefs.h */
| #define PACKAGE_NAME "audit"
| #define PACKAGE_TARNAME "audit"
| #define PACKAGE_VERSION "2.1.3"
| #define PACKAGE_STRING "audit 2.1.3"
| #define PACKAGE_BUGREPORT ""
| #define PACKAGE_URL ""
| #define PACKAGE "audit"
| #define VERSION "2.1.3"
| /* end confdefs.h.  */
| #include <ac_nonexistent.h>
configure:7329: checking for ANSI C header files
configure:7349: gcc -c -pg  conftest.c >&5
configure:7349: $? = 0
configure:7422: gcc -o conftest -pg   conftest.c  >&5
configure:7422: $? = 0
configure:7422: ./conftest
configure:7422: $? = 0
configure:7433: result: yes
configure:7446: checking for sys/types.h
configure:7446: gcc -c -pg  conftest.c >&5
configure:7446: $? = 0
configure:7446: result: yes
configure:7446: checking for sys/stat.h
configure:7446: gcc -c -pg  conftest.c >&5
configure:7446: $? = 0
configure:7446: result: yes
configure:7446: checking for stdlib.h
configure:7446: gcc -c -pg  conftest.c >&5
configure:7446: $? = 0
configure:7446: result: yes
configure:7446: checking for string.h
configure:7446: gcc -c -pg  conftest.c >&5
configure:7446: $? = 0
configure:7446: result: yes
configure:7446: checking for memory.h
configure:7446: gcc -c -pg  conftest.c >&5
configure:7446: $? = 0
configure:7446: result: yes
configure:7446: checking for strings.h
configure:7446: gcc -c -pg  conftest.c >&5
configure:7446: $? = 0
configure:7446: result: yes
configure:7446: checking for inttypes.h
configure:7446: gcc -c -pg  conftest.c >&5
configure:7446: $? = 0
configure:7446: result: yes
configure:7446: checking for stdint.h
configure:7446: gcc -c -pg  conftest.c >&5
configure:7446: $? = 0
configure:7446: result: yes
configure:7446: checking for unistd.h
configure:7446: gcc -c -pg  conftest.c >&5
configure:7446: $? = 0
configure:7446: result: yes
configure:7460: checking for dlfcn.h
configure:7460: gcc -c -pg  conftest.c >&5
configure:7460: $? = 0
configure:7460: result: yes
configure:7647: checking for objdir
configure:7662: result: .libs
configure:7929: checking if gcc supports -fno-rtti -fno-exceptions
configure:7947: gcc -c -pg  -fno-rtti -fno-exceptions conftest.c >&5
cc1: warning: command line option "-fno-rtti" is valid for C++/ObjC++ but not for C
configure:7951: $? = 0
configure:7964: result: no
configure:8274: checking for gcc option to produce PIC
configure:8281: result: -fPIC -DPIC
configure:8289: checking if gcc PIC flag -fPIC -DPIC works
configure:8307: gcc -c -pg  -fPIC -DPIC -DPIC conftest.c >&5
configure:8311: $? = 0
configure:8324: result: yes
configure:8353: checking if gcc static flag -static works
configure:8381: result: yes
configure:8396: checking if gcc supports -c -o file.o
configure:8417: gcc -c -pg  -o out/conftest2.o conftest.c >&5
configure:8421: $? = 0
configure:8443: result: yes
configure:8451: checking if gcc supports -c -o file.o
configure:8498: result: yes
configure:8531: checking whether the gcc linker (/usr/bin/ld -m elf_x86_64) supports shared libraries
configure:9689: result: yes
configure:9726: checking whether -lc should be explicitly linked in
configure:9734: gcc -c -pg  conftest.c >&5
configure:9737: $? = 0
configure:9752: gcc -shared  -fPIC -DPIC conftest.o  -v -Wl,-soname -Wl,conftest -o conftest 2\>\&1 \| /bin/grep  -lc  \>/dev/null 2\>\&1
configure:9755: $? = 0
configure:9769: result: no
configure:9934: checking dynamic linker characteristics
configure:10448: gcc -o conftest -pg   -Wl,-rpath -Wl,/foo conftest.c  >&5
configure:10448: $? = 0
configure:10670: result: GNU/Linux ld.so
configure:10777: checking how to hardcode library paths into programs
configure:10802: result: immediate
configure:11342: checking whether stripping libraries is possible
configure:11347: result: yes
configure:11382: checking if libtool supports shared libraries
configure:11384: result: yes
configure:11387: checking whether to build shared libraries
configure:11408: result: yes
configure:11411: checking whether to build static libraries
configure:11415: result: yes
configure:11461: checking for python
configure:11479: found /usr/bin/python
configure:11491: result: /usr/bin/python
configure:11512: checking for python version
configure:11519: result: 3.1
configure:11531: checking for python platform
configure:11538: result: linux2
configure:11545: checking for python script directory
configure:11574: result: ${prefix}/lib/python3.1/site-packages
configure:11583: checking for python extension module directory
configure:11612: result: ${exec_prefix}/lib/python3.1/site-packages
configure:11630: checking sys/inotify.h usability
configure:11630: gcc -c -pg  conftest.c >&5
configure:11630: $? = 0
configure:11630: result: yes
configure:11630: checking sys/inotify.h presence
configure:11630: gcc -E  conftest.c
configure:11630: $? = 0
configure:11630: result: yes
configure:11630: checking for sys/inotify.h
configure:11630: result: yes
configure:11630: checking sys/epoll.h usability
configure:11630: gcc -c -pg  conftest.c >&5
configure:11630: $? = 0
configure:11630: result: yes
configure:11630: checking sys/epoll.h presence
configure:11630: gcc -E  conftest.c
configure:11630: $? = 0
configure:11630: result: yes
configure:11630: checking for sys/epoll.h
configure:11630: result: yes
configure:11630: checking sys/event.h usability
configure:11630: gcc -c -pg  conftest.c >&5
conftest.c:58:23: fatal error: sys/event.h: No such file or directory
compilation terminated.
configure:11630: $? = 1
configure: failed program was:
| /* confdefs.h */
| #define PACKAGE_NAME "audit"
| #define PACKAGE_TARNAME "audit"
| #define PACKAGE_VERSION "2.1.3"
| #define PACKAGE_STRING "audit 2.1.3"
| #define PACKAGE_BUGREPORT ""
| #define PACKAGE_URL ""
| #define PACKAGE "audit"
| #define VERSION "2.1.3"
| #define STDC_HEADERS 1
| #define HAVE_SYS_TYPES_H 1
| #define HAVE_SYS_STAT_H 1
| #define HAVE_STDLIB_H 1
| #define HAVE_STRING_H 1
| #define HAVE_MEMORY_H 1
| #define HAVE_STRINGS_H 1
| #define HAVE_INTTYPES_H 1
| #define HAVE_STDINT_H 1
| #define HAVE_UNISTD_H 1
| #define HAVE_DLFCN_H 1
| #define LT_OBJDIR ".libs/"
| #define HAVE_SYS_INOTIFY_H 1
| #define HAVE_SYS_EPOLL_H 1
| /* end confdefs.h.  */
| #include <stdio.h>
| #ifdef HAVE_SYS_TYPES_H
| # include <sys/types.h>
| #endif
| #ifdef HAVE_SYS_STAT_H
| # include <sys/stat.h>
| #endif
| #ifdef STDC_HEADERS
| # include <stdlib.h>
| # include <stddef.h>
| #else
| # ifdef HAVE_STDLIB_H
| #  include <stdlib.h>
| # endif
| #endif
| #ifdef HAVE_STRING_H
| # if !defined STDC_HEADERS && defined HAVE_MEMORY_H
| #  include <memory.h>
| # endif
| # include <string.h>
| #endif
| #ifdef HAVE_STRINGS_H
| # include <strings.h>
| #endif
| #ifdef HAVE_INTTYPES_H
| # include <inttypes.h>
| #endif
| #ifdef HAVE_STDINT_H
| # include <stdint.h>
| #endif
| #ifdef HAVE_UNISTD_H
| # include <unistd.h>
| #endif
| #include <sys/event.h>
configure:11630: result: no
configure:11630: checking sys/event.h presence
configure:11630: gcc -E  conftest.c
conftest.c:25:23: fatal error: sys/event.h: No such file or directory
compilation terminated.
configure:11630: $? = 1
configure: failed program was:
| /* confdefs.h */
| #define PACKAGE_NAME "audit"
| #define PACKAGE_TARNAME "audit"
| #define PACKAGE_VERSION "2.1.3"
| #define PACKAGE_STRING "audit 2.1.3"
| #define PACKAGE_BUGREPORT ""
| #define PACKAGE_URL ""
| #define PACKAGE "audit"
| #define VERSION "2.1.3"
| #define STDC_HEADERS 1
| #define HAVE_SYS_TYPES_H 1
| #define HAVE_SYS_STAT_H 1
| #define HAVE_STDLIB_H 1
| #define HAVE_STRING_H 1
| #define HAVE_MEMORY_H 1
| #define HAVE_STRINGS_H 1
| #define HAVE_INTTYPES_H 1
| #define HAVE_STDINT_H 1
| #define HAVE_UNISTD_H 1
| #define HAVE_DLFCN_H 1
| #define LT_OBJDIR ".libs/"
| #define HAVE_SYS_INOTIFY_H 1
| #define HAVE_SYS_EPOLL_H 1
| /* end confdefs.h.  */
| #include <sys/event.h>
configure:11630: result: no
configure:11630: checking for sys/event.h
configure:11630: result: no
configure:11630: checking sys/queue.h usability
configure:11630: gcc -c -pg  conftest.c >&5
configure:11630: $? = 0
configure:11630: result: yes
configure:11630: checking sys/queue.h presence
configure:11630: gcc -E  conftest.c
configure:11630: $? = 0
configure:11630: result: yes
configure:11630: checking for sys/queue.h
configure:11630: result: yes
configure:11630: checking port.h usability
configure:11630: gcc -c -pg  conftest.c >&5
conftest.c:59:18: fatal error: port.h: No such file or directory
compilation terminated.
configure:11630: $? = 1
configure: failed program was:
| /* confdefs.h */
| #define PACKAGE_NAME "audit"
| #define PACKAGE_TARNAME "audit"
| #define PACKAGE_VERSION "2.1.3"
| #define PACKAGE_STRING "audit 2.1.3"
| #define PACKAGE_BUGREPORT ""
| #define PACKAGE_URL ""
| #define PACKAGE "audit"
| #define VERSION "2.1.3"
| #define STDC_HEADERS 1
| #define HAVE_SYS_TYPES_H 1
| #define HAVE_SYS_STAT_H 1
| #define HAVE_STDLIB_H 1
| #define HAVE_STRING_H 1
| #define HAVE_MEMORY_H 1
| #define HAVE_STRINGS_H 1
| #define HAVE_INTTYPES_H 1
| #define HAVE_STDINT_H 1
| #define HAVE_UNISTD_H 1
| #define HAVE_DLFCN_H 1
| #define LT_OBJDIR ".libs/"
| #define HAVE_SYS_INOTIFY_H 1
| #define HAVE_SYS_EPOLL_H 1
| #define HAVE_SYS_QUEUE_H 1
| /* end confdefs.h.  */
| #include <stdio.h>
| #ifdef HAVE_SYS_TYPES_H
| # include <sys/types.h>
| #endif
| #ifdef HAVE_SYS_STAT_H
| # include <sys/stat.h>
| #endif
| #ifdef STDC_HEADERS
| # include <stdlib.h>
| # include <stddef.h>
| #else
| # ifdef HAVE_STDLIB_H
| #  include <stdlib.h>
| # endif
| #endif
| #ifdef HAVE_STRING_H
| # if !defined STDC_HEADERS && defined HAVE_MEMORY_H
| #  include <memory.h>
| # endif
| # include <string.h>
| #endif
| #ifdef HAVE_STRINGS_H
| # include <strings.h>
| #endif
| #ifdef HAVE_INTTYPES_H
| # include <inttypes.h>
| #endif
| #ifdef HAVE_STDINT_H
| # include <stdint.h>
| #endif
| #ifdef HAVE_UNISTD_H
| # include <unistd.h>
| #endif
| #include <port.h>
configure:11630: result: no
configure:11630: checking port.h presence
configure:11630: gcc -E  conftest.c
conftest.c:26:18: fatal error: port.h: No such file or directory
compilation terminated.
configure:11630: $? = 1
configure: failed program was:
| /* confdefs.h */
| #define PACKAGE_NAME "audit"
| #define PACKAGE_TARNAME "audit"
| #define PACKAGE_VERSION "2.1.3"
| #define PACKAGE_STRING "audit 2.1.3"
| #define PACKAGE_BUGREPORT ""
| #define PACKAGE_URL ""
| #define PACKAGE "audit"
| #define VERSION "2.1.3"
| #define STDC_HEADERS 1
| #define HAVE_SYS_TYPES_H 1
| #define HAVE_SYS_STAT_H 1
| #define HAVE_STDLIB_H 1
| #define HAVE_STRING_H 1
| #define HAVE_MEMORY_H 1
| #define HAVE_STRINGS_H 1
| #define HAVE_INTTYPES_H 1
| #define HAVE_STDINT_H 1
| #define HAVE_UNISTD_H 1
| #define HAVE_DLFCN_H 1
| #define LT_OBJDIR ".libs/"
| #define HAVE_SYS_INOTIFY_H 1
| #define HAVE_SYS_EPOLL_H 1
| #define HAVE_SYS_QUEUE_H 1
| /* end confdefs.h.  */
| #include <port.h>
configure:11630: result: no
configure:11630: checking for port.h
configure:11630: result: no
configure:11630: checking poll.h usability
configure:11630: gcc -c -pg  conftest.c >&5
configure:11630: $? = 0
configure:11630: result: yes
configure:11630: checking poll.h presence
configure:11630: gcc -E  conftest.c
configure:11630: $? = 0
configure:11630: result: yes
configure:11630: checking for poll.h
configure:11630: result: yes
configure:11630: checking sys/select.h usability
configure:11630: gcc -c -pg  conftest.c >&5
configure:11630: $? = 0
configure:11630: result: yes
configure:11630: checking sys/select.h presence
configure:11630: gcc -E  conftest.c
configure:11630: $? = 0
configure:11630: result: yes
configure:11630: checking for sys/select.h
configure:11630: result: yes
configure:11630: checking sys/eventfd.h usability
configure:11630: gcc -c -pg  conftest.c >&5
configure:11630: $? = 0
configure:11630: result: yes
configure:11630: checking sys/eventfd.h presence
configure:11630: gcc -E  conftest.c
configure:11630: $? = 0
configure:11630: result: yes
configure:11630: checking for sys/eventfd.h
configure:11630: result: yes
configure:11644: checking for inotify_init
configure:11644: gcc -o conftest -pg   conftest.c  >&5
configure:11644: $? = 0
configure:11644: result: yes
configure:11644: checking for epoll_ctl
configure:11644: gcc -o conftest -pg   conftest.c  >&5
configure:11644: $? = 0
configure:11644: result: yes
configure:11644: checking for kqueue
configure:11644: gcc -o conftest -pg   conftest.c  >&5
/tmp/cctmdwsu.o: In function `main':
conftest.c:(.text+0xf): undefined reference to `kqueue'
collect2: ld returned 1 exit status
configure:11644: $? = 1
configure: failed program was:
| /* confdefs.h */
| #define PACKAGE_NAME "audit"
| #define PACKAGE_TARNAME "audit"
| #define PACKAGE_VERSION "2.1.3"
| #define PACKAGE_STRING "audit 2.1.3"
| #define PACKAGE_BUGREPORT ""
| #define PACKAGE_URL ""
| #define PACKAGE "audit"
| #define VERSION "2.1.3"
| #define STDC_HEADERS 1
| #define HAVE_SYS_TYPES_H 1
| #define HAVE_SYS_STAT_H 1
| #define HAVE_STDLIB_H 1
| #define HAVE_STRING_H 1
| #define HAVE_MEMORY_H 1
| #define HAVE_STRINGS_H 1
| #define HAVE_INTTYPES_H 1
| #define HAVE_STDINT_H 1
| #define HAVE_UNISTD_H 1
| #define HAVE_DLFCN_H 1
| #define LT_OBJDIR ".libs/"
| #define HAVE_SYS_INOTIFY_H 1
| #define HAVE_SYS_EPOLL_H 1
| #define HAVE_SYS_QUEUE_H 1
| #define HAVE_POLL_H 1
| #define HAVE_SYS_SELECT_H 1
| #define HAVE_SYS_EVENTFD_H 1
| #define HAVE_INOTIFY_INIT 1
| #define HAVE_EPOLL_CTL 1
| /* end confdefs.h.  */
| /* Define kqueue to an innocuous variant, in case <limits.h> declares kqueue.
|    For example, HP-UX 11i <limits.h> declares gettimeofday.  */
| #define kqueue innocuous_kqueue
| 
| /* System header to define __stub macros and hopefully few prototypes,
|     which can conflict with char kqueue (); below.
|     Prefer <limits.h> to <assert.h> if __STDC__ is defined, since
|     <limits.h> exists even on freestanding compilers.  */
| 
| #ifdef __STDC__
| # include <limits.h>
| #else
| # include <assert.h>
| #endif
| 
| #undef kqueue
| 
| /* Override any GCC internal prototype to avoid an error.
|    Use char because int might match the return type of a GCC
|    builtin and then its argument prototype would still apply.  */
| #ifdef __cplusplus
| extern "C"
| #endif
| char kqueue ();
| /* The GNU C library defines this for functions which it implements
|     to always fail with ENOSYS.  Some functions are actually named
|     something starting with __ and the normal name is an alias.  */
| #if defined __stub_kqueue || defined __stub___kqueue
| choke me
| #endif
| 
| int
| main ()
| {
| return kqueue ();
|   ;
|   return 0;
| }
configure:11644: result: no
configure:11644: checking for port_create
configure:11644: gcc -o conftest -pg   conftest.c  >&5
/tmp/ccqjBYHM.o: In function `main':
conftest.c:(.text+0xf): undefined reference to `port_create'
collect2: ld returned 1 exit status
configure:11644: $? = 1
configure: failed program was:
| /* confdefs.h */
| #define PACKAGE_NAME "audit"
| #define PACKAGE_TARNAME "audit"
| #define PACKAGE_VERSION "2.1.3"
| #define PACKAGE_STRING "audit 2.1.3"
| #define PACKAGE_BUGREPORT ""
| #define PACKAGE_URL ""
| #define PACKAGE "audit"
| #define VERSION "2.1.3"
| #define STDC_HEADERS 1
| #define HAVE_SYS_TYPES_H 1
| #define HAVE_SYS_STAT_H 1
| #define HAVE_STDLIB_H 1
| #define HAVE_STRING_H 1
| #define HAVE_MEMORY_H 1
| #define HAVE_STRINGS_H 1
| #define HAVE_INTTYPES_H 1
| #define HAVE_STDINT_H 1
| #define HAVE_UNISTD_H 1
| #define HAVE_DLFCN_H 1
| #define LT_OBJDIR ".libs/"
| #define HAVE_SYS_INOTIFY_H 1
| #define HAVE_SYS_EPOLL_H 1
| #define HAVE_SYS_QUEUE_H 1
| #define HAVE_POLL_H 1
| #define HAVE_SYS_SELECT_H 1
| #define HAVE_SYS_EVENTFD_H 1
| #define HAVE_INOTIFY_INIT 1
| #define HAVE_EPOLL_CTL 1
| /* end confdefs.h.  */
| /* Define port_create to an innocuous variant, in case <limits.h> declares port_create.
|    For example, HP-UX 11i <limits.h> declares gettimeofday.  */
| #define port_create innocuous_port_create
| 
| /* System header to define __stub macros and hopefully few prototypes,
|     which can conflict with char port_create (); below.
|     Prefer <limits.h> to <assert.h> if __STDC__ is defined, since
|     <limits.h> exists even on freestanding compilers.  */
| 
| #ifdef __STDC__
| # include <limits.h>
| #else
| # include <assert.h>
| #endif
| 
| #undef port_create
| 
| /* Override any GCC internal prototype to avoid an error.
|    Use char because int might match the return type of a GCC
|    builtin and then its argument prototype would still apply.  */
| #ifdef __cplusplus
| extern "C"
| #endif
| char port_create ();
| /* The GNU C library defines this for functions which it implements
|     to always fail with ENOSYS.  Some functions are actually named
|     something starting with __ and the normal name is an alias.  */
| #if defined __stub_port_create || defined __stub___port_create
| choke me
| #endif
| 
| int
| main ()
| {
| return port_create ();
|   ;
|   return 0;
| }
configure:11644: result: no
configure:11644: checking for poll
configure:11644: gcc -o conftest -pg   conftest.c  >&5
configure:11644: $? = 0
configure:11644: result: yes
configure:11644: checking for select
configure:11644: gcc -o conftest -pg   conftest.c  >&5
configure:11644: $? = 0
configure:11644: result: yes
configure:11644: checking for eventfd
configure:11644: gcc -o conftest -pg   conftest.c  >&5
configure:11644: $? = 0
configure:11644: result: yes
configure:11654: checking for clock_gettime
configure:11654: gcc -o conftest -pg   conftest.c  >&5
/tmp/ccXkjSAF.o: In function `main':
conftest.c:(.text+0xf): undefined reference to `clock_gettime'
collect2: ld returned 1 exit status
configure:11654: $? = 1
configure: failed program was:
| /* confdefs.h */
| #define PACKAGE_NAME "audit"
| #define PACKAGE_TARNAME "audit"
| #define PACKAGE_VERSION "2.1.3"
| #define PACKAGE_STRING "audit 2.1.3"
| #define PACKAGE_BUGREPORT ""
| #define PACKAGE_URL ""
| #define PACKAGE "audit"
| #define VERSION "2.1.3"
| #define STDC_HEADERS 1
| #define HAVE_SYS_TYPES_H 1
| #define HAVE_SYS_STAT_H 1
| #define HAVE_STDLIB_H 1
| #define HAVE_STRING_H 1
| #define HAVE_MEMORY_H 1
| #define HAVE_STRINGS_H 1
| #define HAVE_INTTYPES_H 1
| #define HAVE_STDINT_H 1
| #define HAVE_UNISTD_H 1
| #define HAVE_DLFCN_H 1
| #define LT_OBJDIR ".libs/"
| #define HAVE_SYS_INOTIFY_H 1
| #define HAVE_SYS_EPOLL_H 1
| #define HAVE_SYS_QUEUE_H 1
| #define HAVE_POLL_H 1
| #define HAVE_SYS_SELECT_H 1
| #define HAVE_SYS_EVENTFD_H 1
| #define HAVE_INOTIFY_INIT 1
| #define HAVE_EPOLL_CTL 1
| #define HAVE_POLL 1
| #define HAVE_SELECT 1
| #define HAVE_EVENTFD 1
| /* end confdefs.h.  */
| /* Define clock_gettime to an innocuous variant, in case <limits.h> declares clock_gettime.
|    For example, HP-UX 11i <limits.h> declares gettimeofday.  */
| #define clock_gettime innocuous_clock_gettime
| 
| /* System header to define __stub macros and hopefully few prototypes,
|     which can conflict with char clock_gettime (); below.
|     Prefer <limits.h> to <assert.h> if __STDC__ is defined, since
|     <limits.h> exists even on freestanding compilers.  */
| 
| #ifdef __STDC__
| # include <limits.h>
| #else
| # include <assert.h>
| #endif
| 
| #undef clock_gettime
| 
| /* Override any GCC internal prototype to avoid an error.
|    Use char because int might match the return type of a GCC
|    builtin and then its argument prototype would still apply.  */
| #ifdef __cplusplus
| extern "C"
| #endif
| char clock_gettime ();
| /* The GNU C library defines this for functions which it implements
|     to always fail with ENOSYS.  Some functions are actually named
|     something starting with __ and the normal name is an alias.  */
| #if defined __stub_clock_gettime || defined __stub___clock_gettime
| choke me
| #endif
| 
| int
| main ()
| {
| return clock_gettime ();
|   ;
|   return 0;
| }
configure:11654: result: no
configure:11660: checking for clock_gettime syscall
configure:11674: gcc -o conftest -pg   conftest.c  >&5
configure:11674: $? = 0
configure:11679: result: yes
configure:11751: checking for nanosleep
configure:11751: gcc -o conftest -pg   conftest.c  >&5
configure:11751: $? = 0
configure:11751: result: yes
configure:11819: checking for ceil in -lm
configure:11844: gcc -o conftest -pg   conftest.c -lm   >&5
conftest.c:42:6: warning: conflicting types for built-in function 'ceil'
configure:11844: $? = 0
configure:11853: result: yes
configure:11922: checking for gcc
configure:11949: result: gcc
configure:12178: checking for C compiler version
configure:12187: gcc --version >&5
gcc (GCC) 4.5.2 20110127 (prerelease)
Copyright (C) 2010 Free Software Foundation, Inc.
This is free software; see the source for copying conditions.  There is NO
warranty; not even for MERCHANTABILITY or FITNESS FOR A PARTICULAR PURPOSE.

configure:12198: $? = 0
configure:12187: gcc -v >&5
Using built-in specs.
COLLECT_GCC=gcc
COLLECT_LTO_WRAPPER=/usr/lib/gcc/x86_64-unknown-linux-gnu/4.5.2/lto-wrapper
Target: x86_64-unknown-linux-gnu
Configured with: /build/src/gcc-4.5-20110127/configure --prefix=/usr --enable-languages=c,c++,fortran,objc,obj-c++,ada --enable-shared --enable-threads=posix --enable-__cxa_atexit --enable-clocale=gnu --enable-gnu-unique-object --enable-lto --enable-plugin --enable-gold --with-plugin-ld=ld.gold --disable-multilib --disable-libstdcxx-pch --with-system-zlib --with-ppl --with-cloog --with-cloog-include=/usr/include/cloog-ppl --libdir=/usr/lib --libexecdir=/usr/lib --mandir=/usr/share/man --infodir=/usr/share/info
Thread model: posix
gcc version 4.5.2 20110127 (prerelease) (GCC) 
configure:12198: $? = 0
configure:12187: gcc -V >&5
gcc: '-V' option must have argument
configure:12198: $? = 1
configure:12187: gcc -qversion >&5
gcc: unrecognized option '-qversion'
gcc: no input files
configure:12198: $? = 1
configure:12202: checking whether we are using the GNU C compiler
configure:12230: result: yes
configure:12239: checking whether gcc accepts -g
configure:12300: result: yes
configure:12317: checking for gcc option to accept ISO C89
configure:12394: result: none needed
configure:12416: checking dependency style of gcc
configure:12526: result: gcc3
configure:12546: checking for gawk
configure:12573: result: gawk
configure:12587: checking for ANSI C header files
configure:12691: result: yes
configure:12699: checking whether time.h and sys/time.h may both be included
configure:12719: gcc -c -pg  conftest.c >&5
configure:12719: $? = 0
configure:12726: result: yes
configure:12735: checking for an ANSI C-conforming const
configure:12800: gcc -c -pg  conftest.c >&5
configure:12800: $? = 0
configure:12807: result: yes
configure:12815: checking for inline
configure:12831: gcc -c -pg  conftest.c >&5
configure:12831: $? = 0
configure:12839: result: inline
configure:12861: checking size of unsigned int
configure:12866: gcc -o conftest -pg   conftest.c  >&5
configure:12866: $? = 0
configure:12866: ./conftest
configure:12866: $? = 0
configure:12880: result: 4
configure:12894: checking size of unsigned long
configure:12899: gcc -o conftest -pg   conftest.c  >&5
configure:12899: $? = 0
configure:12899: ./conftest
configure:12899: $? = 0
configure:12913: result: 8
configure:12924: checking whether gcc and cc understand -c and -o together
configure:12955: gcc -c conftest.c -o conftest2.o >&5
configure:12959: $? = 0
configure:12965: gcc -c conftest.c -o conftest2.o >&5
configure:12969: $? = 0
configure:12980: cc -c conftest.c >&5
configure:12984: $? = 0
configure:12992: cc -c conftest.c -o conftest2.o >&5
configure:12996: $? = 0
configure:13002: cc -c conftest.c -o conftest2.o >&5
configure:13006: $? = 0
configure:13024: result: yes
configure:13079: checking for gss_acquire_cred in -lgssapi_krb5
configure:13104: gcc -o conftest -pg   conftest.c -lgssapi_krb5   >&5
/usr/bin/ld: cannot find -lgssapi_krb5
collect2: ld returned 1 exit status
configure:13104: $? = 1
configure: failed program was:
| /* confdefs.h */
| #define PACKAGE_NAME "audit"
| #define PACKAGE_TARNAME "audit"
| #define PACKAGE_VERSION "2.1.3"
| #define PACKAGE_STRING "audit 2.1.3"
| #define PACKAGE_BUGREPORT ""
| #define PACKAGE_URL ""
| #define PACKAGE "audit"
| #define VERSION "2.1.3"
| #define STDC_HEADERS 1
| #define HAVE_SYS_TYPES_H 1
| #define HAVE_SYS_STAT_H 1
| #define HAVE_STDLIB_H 1
| #define HAVE_STRING_H 1
| #define HAVE_MEMORY_H 1
| #define HAVE_STRINGS_H 1
| #define HAVE_INTTYPES_H 1
| #define HAVE_STDINT_H 1
| #define HAVE_UNISTD_H 1
| #define HAVE_DLFCN_H 1
| #define LT_OBJDIR ".libs/"
| #define HAVE_SYS_INOTIFY_H 1
| #define HAVE_SYS_EPOLL_H 1
| #define HAVE_SYS_QUEUE_H 1
| #define HAVE_POLL_H 1
| #define HAVE_SYS_SELECT_H 1
| #define HAVE_SYS_EVENTFD_H 1
| #define HAVE_INOTIFY_INIT 1
| #define HAVE_EPOLL_CTL 1
| #define HAVE_POLL 1
| #define HAVE_SELECT 1
| #define HAVE_EVENTFD 1
| #define HAVE_CLOCK_SYSCALL 1
| #define HAVE_LIBM 1
| #define STDC_HEADERS 1
| #define TIME_WITH_SYS_TIME 1
| #define SIZEOF_UNSIGNED_INT 4
| #define SIZEOF_UNSIGNED_LONG 8
| /* end confdefs.h.  */
| 
| /* Override any GCC internal prototype to avoid an error.
|    Use char because int might match the return type of a GCC
|    builtin and then its argument prototype would still apply.  */
| #ifdef __cplusplus
| extern "C"
| #endif
| char gss_acquire_cred ();
| int
| main ()
| {
| return gss_acquire_cred ();
|   ;
|   return 0;
| }
configure:13113: result: no
configure:13197: checking whether to include alpha processor support
configure:13212: result: no
configure:13224: checking whether to include arm eabi processor support
configure:13239: result: no
configure:13251: checking whether to use apparmor
configure:13266: result: no
configure:13280: result: no
configure:13342: checking whether to use libwrap
configure:13353: result: yes
configure:13355: checking tcpd.h usability
configure:13355: gcc -c -pg  conftest.c >&5
configure:13355: $? = 0
configure:13355: result: yes
configure:13355: checking tcpd.h presence
configure:13355: gcc -E  conftest.c
configure:13355: $? = 0
configure:13355: result: yes
configure:13355: checking for tcpd.h
configure:13355: result: yes
configure:13363: checking for request_init in -lwrap
configure:13388: gcc -o conftest -pg   conftest.c -lwrap   >&5
configure:13388: $? = 0
configure:13397: result: yes
configure:13403: checking for yp_get_default_domain in -lnsl
configure:13428: gcc -o conftest -pg   conftest.c -lnsl   >&5
configure:13428: $? = 0
configure:13437: result: yes
configure:13757: creating ./config.status

## ---------------- ##
## Cache variables. ##
## ---------------- ##

ac_cv_build=x86_64-unknown-linux-gnu
ac_cv_c_compiler_gnu=yes
ac_cv_c_const=yes
ac_cv_c_inline=inline
ac_cv_env_CC_set=
ac_cv_env_CC_value=
ac_cv_env_CFLAGS_set=set
ac_cv_env_CFLAGS_value=-pg
ac_cv_env_CPPFLAGS_set=
ac_cv_env_CPPFLAGS_value=
ac_cv_env_CPP_set=
ac_cv_env_CPP_value=
ac_cv_env_LDFLAGS_set=
ac_cv_env_LDFLAGS_value=
ac_cv_env_LIBS_set=
ac_cv_env_LIBS_value=
ac_cv_env_build_alias_set=
ac_cv_env_build_alias_value=
ac_cv_env_host_alias_set=
ac_cv_env_host_alias_value=
ac_cv_env_target_alias_set=
ac_cv_env_target_alias_value=
ac_cv_func_clock_gettime=no
ac_cv_func_epoll_ctl=yes
ac_cv_func_eventfd=yes
ac_cv_func_inotify_init=yes
ac_cv_func_kqueue=no
ac_cv_func_nanosleep=yes
ac_cv_func_poll=yes
ac_cv_func_port_create=no
ac_cv_func_select=yes
ac_cv_header_dlfcn_h=yes
ac_cv_header_inttypes_h=yes
ac_cv_header_memory_h=yes
ac_cv_header_poll_h=yes
ac_cv_header_port_h=no
ac_cv_header_stdc=yes
ac_cv_header_stdint_h=yes
ac_cv_header_stdlib_h=yes
ac_cv_header_string_h=yes
ac_cv_header_strings_h=yes
ac_cv_header_sys_epoll_h=yes
ac_cv_header_sys_event_h=no
ac_cv_header_sys_eventfd_h=yes
ac_cv_header_sys_inotify_h=yes
ac_cv_header_sys_queue_h=yes
ac_cv_header_sys_select_h=yes
ac_cv_header_sys_stat_h=yes
ac_cv_header_sys_types_h=yes
ac_cv_header_tcpd_h=yes
ac_cv_header_time=yes
ac_cv_header_unistd_h=yes
ac_cv_host=x86_64-unknown-linux-gnu
ac_cv_lib_gssapi_krb5_gss_acquire_cred=no
ac_cv_lib_m_ceil=yes
ac_cv_lib_nsl_yp_get_default_domain=yes
ac_cv_lib_wrap_request_init=yes
ac_cv_objext=o
ac_cv_path_EGREP='/bin/grep -E'
ac_cv_path_FGREP='/bin/grep -F'
ac_cv_path_GREP=/bin/grep
ac_cv_path_PYTHON=/usr/bin/python
ac_cv_path_SED=/bin/sed
ac_cv_path_install='/bin/install -c'
ac_cv_path_mkdir=/bin/mkdir
ac_cv_prog_AWK=gawk
ac_cv_prog_CPP='gcc -E'
ac_cv_prog_ac_ct_AR=ar
ac_cv_prog_ac_ct_CC=gcc
ac_cv_prog_ac_ct_OBJDUMP=objdump
ac_cv_prog_ac_ct_RANLIB=ranlib
ac_cv_prog_ac_ct_STRIP=strip
ac_cv_prog_cc_c89=
ac_cv_prog_cc_g=yes
ac_cv_prog_cc_gcc_c_o=yes
ac_cv_prog_make_make_set=yes
ac_cv_sizeof_unsigned_int=4
ac_cv_sizeof_unsigned_long=8
ac_cv_target=x86_64-unknown-linux-gnu
am_cv_CC_dependencies_compiler_type=gcc3
am_cv_python_platform=linux2
am_cv_python_pyexecdir='${exec_prefix}/lib/python3.1/site-packages'
am_cv_python_pythondir='${prefix}/lib/python3.1/site-packages'
am_cv_python_version=3.1
lt_cv_ar_at_file=@
lt_cv_archive_cmds_need_lc=no
lt_cv_deplibs_check_method=pass_all
lt_cv_file_magic_cmd='$MAGIC_CMD'
lt_cv_file_magic_test_file=
lt_cv_ld_reload_flag=-r
lt_cv_nm_interface='BSD nm'
lt_cv_objdir=.libs
lt_cv_path_LD=/usr/bin/ld
lt_cv_path_NM='/usr/bin/nm -B'
lt_cv_path_mainfest_tool=no
lt_cv_prog_compiler_c_o=yes
lt_cv_prog_compiler_pic='-fPIC -DPIC'
lt_cv_prog_compiler_pic_works=yes
lt_cv_prog_compiler_rtti_exceptions=no
lt_cv_prog_compiler_static_works=yes
lt_cv_prog_gnu_ld=yes
lt_cv_sharedlib_from_linklib_cmd='printf %s\n'
lt_cv_shlibpath_overrides_runpath=no
lt_cv_sys_global_symbol_pipe='sed -n -e '\''s/^.*[	 ]\([ABCDGIRSTW][ABCDGIRSTW]*\)[	 ][	 ]*\([_A-Za-z][_A-Za-z0-9]*\)$/\1 \2 \2/p'\'' | sed '\''/ __gnu_lto/d'\'''
lt_cv_sys_global_symbol_to_c_name_address='sed -n -e '\''s/^: \([^ ]*\)[ ]*$/  {\"\1\", (void *) 0},/p'\'' -e '\''s/^[ABCDGIRSTW]* \([^ ]*\) \([^ ]*\)$/  {"\2", (void *) \&\2},/p'\'''
lt_cv_sys_global_symbol_to_c_name_address_lib_prefix='sed -n -e '\''s/^: \([^ ]*\)[ ]*$/  {\"\1\", (void *) 0},/p'\'' -e '\''s/^[ABCDGIRSTW]* \([^ ]*\) \(lib[^ ]*\)$/  {"\2", (void *) \&\2},/p'\'' -e '\''s/^[ABCDGIRSTW]* \([^ ]*\) \([^ ]*\)$/  {"lib\2", (void *) \&\2},/p'\'''
lt_cv_sys_global_symbol_to_cdecl='sed -n -e '\''s/^T .* \(.*\)$/extern int \1();/p'\'' -e '\''s/^[ABCDGIRSTW]* .* \(.*\)$/extern char \1;/p'\'''
lt_cv_sys_max_cmd_len=3458764513820540925
lt_cv_to_host_file_cmd=func_convert_file_noop
lt_cv_to_tool_file_cmd=func_convert_file_noop

## ----------------- ##
## Output variables. ##
## ----------------- ##

ACLOCAL='${SHELL} /usr/users/quota/students/13/llovett/code/linux_audit_tools/missing --run aclocal-1.11'
AMDEPBACKSLASH='\'
AMDEP_FALSE='#'
AMDEP_TRUE=''
AMTAR='${SHELL} /usr/users/quota/students/13/llovett/code/linux_audit_tools/missing --run tar'
AR='ar'
AUTOCONF='${SHELL} /usr/users/quota/students/13/llovett/code/linux_audit_tools/missing --run autoconf'
AUTOHEADER='${SHELL} /usr/users/quota/students/13/llovett/code/linux_audit_tools/missing --run autoheader'
AUTOMAKE='${SHELL} /usr/users/quota/students/13/llovett/code/linux_audit_tools/missing --run automake-1.11'
AWK='gawk'
CC='gcc'
CCDEPMODE='depmode=gcc3'
CFLAGS='-pg'
CPP='gcc -E'
CPPFLAGS=''
CYGPATH_W='echo'
DEBUG='-DNDEBUG'
DEBUG_FALSE=''
DEBUG_TRUE='#'
DEFS='-DHAVE_CONFIG_H'
DEPDIR='.deps'
DLLTOOL='false'
DSYMUTIL=''
DUMPBIN=''
ECHO_C=''
ECHO_N='-n'
ECHO_T=''
EGREP='/bin/grep -E'
ENABLE_GSSAPI_FALSE='#'
ENABLE_GSSAPI_TRUE=''
EXEEXT=''
FGREP='/bin/grep -F'
GREP='/bin/grep'
HAVE_PRELUDE_FALSE=''
HAVE_PRELUDE_TRUE='#'
INSTALL_DATA='${INSTALL} -m 644'
INSTALL_PROGRAM='${INSTALL}'
INSTALL_SCRIPT='${INSTALL}'
INSTALL_STRIP_PROGRAM='$(install_sh) -c -s'
LD='/usr/bin/ld -m elf_x86_64'
LDFLAGS=''
LIBOBJS=''
LIBPRELUDE_CFLAGS=''
LIBPRELUDE_LDFLAGS=''
LIBS=''
LIBTOOL='$(SHELL) $(top_builddir)/libtool'
LIBTOOL_DEPS='./ltmain.sh'
LIBWRAP_LIBS='-lwrap -lnsl'
LIPO=''
LN_S='ln -s'
LTLIBOBJS=''
MAKEINFO='${SHELL} /usr/users/quota/students/13/llovett/code/linux_audit_tools/missing --run makeinfo'
MANIFEST_TOOL=':'
MKDIR_P='/bin/mkdir -p'
NM='/usr/bin/nm -B'
NMEDIT=''
OBJDUMP='objdump'
OBJEXT='o'
OTOOL64=''
OTOOL=''
PACKAGE='audit'
PACKAGE_BUGREPORT=''
PACKAGE_NAME='audit'
PACKAGE_STRING='audit 2.1.3'
PACKAGE_TARNAME='audit'
PACKAGE_URL=''
PACKAGE_VERSION='2.1.3'
PATH_SEPARATOR=':'
PYTHON='/usr/bin/python'
PYTHON_EXEC_PREFIX='${exec_prefix}'
PYTHON_PLATFORM='linux2'
PYTHON_PREFIX='${prefix}'
PYTHON_VERSION='3.1'
RANLIB='ranlib'
SED='/bin/sed'
SET_MAKE=''
SHELL='/bin/sh'
STRIP='strip'
USE_ALPHA_FALSE=''
USE_ALPHA_TRUE='#'
USE_ARMEB_FALSE=''
USE_ARMEB_TRUE='#'
VERSION='2.1.3'
ac_ct_AR='ar'
ac_ct_CC='gcc'
ac_ct_DUMPBIN=''
am__EXEEXT_FALSE=''
am__EXEEXT_TRUE='#'
am__fastdepCC_FALSE='#'
am__fastdepCC_TRUE=''
am__include='include'
am__isrc=''
am__leading_dot='.'
am__quote=''
am__tar='${AMTAR} chof - "$$tardir"'
am__untar='${AMTAR} xf -'
bindir='${exec_prefix}/bin'
build='x86_64-unknown-linux-gnu'
build_alias=''
build_cpu='x86_64'
build_os='linux-gnu'
build_vendor='unknown'
datadir='${datarootdir}'
datarootdir='${prefix}/share'
docdir='${datarootdir}/doc/${PACKAGE_TARNAME}'
dvidir='${docdir}'
exec_prefix='${prefix}'
gss_libs=''
host='x86_64-unknown-linux-gnu'
host_alias=''
host_cpu='x86_64'
host_os='linux-gnu'
host_vendor='unknown'
htmldir='${docdir}'
includedir='${prefix}/include'
infodir='${datarootdir}/info'
install_sh='${SHELL} /usr/users/quota/students/13/llovett/code/linux_audit_tools/install-sh'
libdir='${exec_prefix}/lib'
libev_LIBS='-lm '
libexecdir='${exec_prefix}/libexec'
localedir='${datarootdir}/locale'
localstatedir='${prefix}/var'
mandir='${datarootdir}/man'
mkdir_p='/bin/mkdir -p'
oldincludedir='/usr/include'
pdfdir='${docdir}'
pkgpyexecdir='${pyexecdir}/audit'
pkgpythondir='${pythondir}/audit'
prefix='/usr/local'
program_transform_name='s,x,x,'
psdir='${docdir}'
pyexecdir='${exec_prefix}/lib/python3.1/site-packages'
pythondir='${prefix}/lib/python3.1/site-packages'
sbindir='/sbin'
sharedstatedir='${prefix}/com'
sysconfdir='${prefix}/etc'
target='x86_64-unknown-linux-gnu'
target_alias=''
target_cpu='x86_64'
target_os='linux-gnu'
target_vendor='unknown'

## ----------- ##
## confdefs.h. ##
## ----------- ##

/* confdefs.h */
#define PACKAGE_NAME "audit"
#define PACKAGE_TARNAME "audit"
#define PACKAGE_VERSION "2.1.3"
#define PACKAGE_STRING "audit 2.1.3"
#define PACKAGE_BUGREPORT ""
#define PACKAGE_URL ""
#define PACKAGE "audit"
#define VERSION "2.1.3"
#define STDC_HEADERS 1
#define HAVE_SYS_TYPES_H 1
#define HAVE_SYS_STAT_H 1
#define HAVE_STDLIB_H 1
#define HAVE_STRING_H 1
#define HAVE_MEMORY_H 1
#define HAVE_STRINGS_H 1
#define HAVE_INTTYPES_H 1
#define HAVE_STDINT_H 1
#define HAVE_UNISTD_H 1
#define HAVE_DLFCN_H 1
#define LT_OBJDIR ".libs/"
#define HAVE_SYS_INOTIFY_H 1
#define HAVE_SYS_EPOLL_H 1
#define HAVE_SYS_QUEUE_H 1
#define HAVE_POLL_H 1
#define HAVE_SYS_SELECT_H 1
#define HAVE_SYS_EVENTFD_H 1
#define HAVE_INOTIFY_INIT 1
#define HAVE_EPOLL_CTL 1
#define HAVE_POLL 1
#define HAVE_SELECT 1
#define HAVE_EVENTFD 1
#define HAVE_CLOCK_SYSCALL 1
#define HAVE_LIBM 1
#define STDC_HEADERS 1
#define TIME_WITH_SYS_TIME 1
#define SIZEOF_UNSIGNED_INT 4
#define SIZEOF_UNSIGNED_LONG 8
#define HAVE_LIBWRAP /**/

configure: exit 0

## ---------------------- ##
## Running config.status. ##
## ---------------------- ##

This file was extended by audit config.status 2.1.3, which was
generated by GNU Autoconf 2.68.  Invocation command line was

  CONFIG_FILES    = 
  CONFIG_HEADERS  = 
  CONFIG_LINKS    = 
  CONFIG_COMMANDS = 
  $ ./config.status 

on boromir

config.status:1158: creating Makefile
config.status:1158: creating lib/Makefile
config.status:1158: creating lib/test/Makefile
config.status:1158: creating auparse/Makefile
config.status:1158: creating auparse/test/Makefile
config.status:1158: creating src/Makefile
config.status:1158: creating src/mt/Makefile
config.status:1158: creating src/libev/Makefile
config.status:1158: creating src/test/Makefile
config.status:1158: creating swig/Makefile
config.status:1158: creating docs/Makefile
config.status:1158: creating init.d/Makefile
config.status:1158: creating audisp/Makefile
config.status:1158: creating audisp/plugins/Makefile
config.status:1158: creating audisp/plugins/builtins/Makefile
config.status:1158: creating audisp/plugins/prelude/Makefile
config.status:1158: creating audisp/plugins/remote/Makefile
config.status:1158: creating audisp/plugins/zos-remote/Makefile
config.status:1158: creating bindings/Makefile
config.status:1158: creating bindings/python/Makefile
config.status:1158: creating tools/Makefile
config.status:1158: creating tools/aulast/Makefile
config.status:1158: creating tools/aulastlog/Makefile
config.status:1158: creating tools/ausyscall/Makefile
config.status:1158: creating config.h
config.status:1339: config.h is unchanged
config.status:1387: executing depfiles commands
config.status:1387: executing libtool commands

## ---------------------- ##
## Running config.status. ##
## ---------------------- ##

This file was extended by audit config.status 2.1.3, which was
generated by GNU Autoconf 2.68.  Invocation command line was

  CONFIG_FILES    = 
  CONFIG_HEADERS  = 
  CONFIG_LINKS    = 
  CONFIG_COMMANDS = 
  $ ./config.status config.h

on boromir

config.status:1158: creating config.h
config.status:1339: config.h is unchanged
